<?xml version="1.0" encoding="UTF-8"?>
<!-- Generated by org.testng.reporters.JUnitReportReporter -->
<testsuite hostname="ATHULYA-HARIKRISHNAN" failures="0" tests="2" name="testPackage.ContactTest" time="29.600" errors="0" timestamp="2025-03-15T14:25:40 IST" skipped="0">
  <testcase classname="testPackage.ContactTest" name="createContact" time="15.520">
    <system-out>
      <![CDATA[createContact testcase execution started]]>
    </system-out>
  </testcase> <!-- createContact -->
  <testcase classname="testPackage.ContactTest" name="createContact" time="14.080">
    <system-out>
      <![CDATA[createContact testcase execution started]]>
    </system-out>
  </testcase> <!-- createContact -->
  <system-out>
    <![CDATA[Execution Started
printData testcase execution started
printData testcase execution started
printData testcase execution started
printData testcase execution started
printData17 testcase execution started
printData17 testcase execution started
printData17 testcase execution started
printData17 testcase execution started
contactDetails testcase execution started
contactDetails testcase execution started
printData testcase execution started
printData testcase execution started
printData testcase execution started
printData testcase execution started
printData1 testcase execution started
printData1 testcase execution started
printData1 testcase execution started
printData1 testcase execution started
createContact testcase execution started
createContact testcase execution started
moveToCalendarPage testcase execution started
moveToContactsPage testcase execution started
moveToLeadsPage testcase execution started
moveToOrganizationsPage testcase execution started
createOrganization testcase execution started
verify testcase execution started
TestCase3 testcase execution started
TestCase4 testcase execution started]]>
  </system-out>
</testsuite> <!-- testPackage.ContactTest -->
