<?xml version="1.0" encoding="UTF-8"?>
<!-- Generated by org.testng.reporters.JUnitReportReporter -->
<testsuite hostname="ATHULYA-HARIKRISHNAN" failures="0" tests="1" name="testPackage.ParameterTest" time="0.013" errors="0" timestamp="2025-03-13T14:02:16 IST" skipped="0">
  <testcase classname="testPackage.ParameterTest" name="scenario3" time="0.013"/>
</testsuite> <!-- testPackage.ParameterTest -->
