<?xml version="1.0" encoding="UTF-8"?>
<!-- Generated by org.testng.reporters.JUnitReportReporter -->
<testsuite hostname="ATHULYA-HARIKRISHNAN" failures="0" tests="2" name="testPackage.ScenarioTest2" time="19.046" errors="0" timestamp="2025-03-15T14:25:40 IST" skipped="0">
  <testcase classname="testPackage.ScenarioTest2" name="TestCase3" time="9.486">
    <system-out>
      <![CDATA[TestCase3 testcase execution started]]>
    </system-out>
  </testcase> <!-- TestCase3 -->
  <testcase classname="testPackage.ScenarioTest2" name="TestCase4" time="9.560">
    <system-out>
      <![CDATA[TestCase4 testcase execution started]]>
    </system-out>
  </testcase> <!-- TestCase4 -->
  <system-out>
    <![CDATA[Execution Started
printData testcase execution started
printData testcase execution started
printData testcase execution started
printData testcase execution started
printData17 testcase execution started
printData17 testcase execution started
printData17 testcase execution started
printData17 testcase execution started
contactDetails testcase execution started
contactDetails testcase execution started
printData testcase execution started
printData testcase execution started
printData testcase execution started
printData testcase execution started
printData1 testcase execution started
printData1 testcase execution started
printData1 testcase execution started
printData1 testcase execution started
createContact testcase execution started
createContact testcase execution started
moveToCalendarPage testcase execution started
moveToContactsPage testcase execution started
moveToLeadsPage testcase execution started
moveToOrganizationsPage testcase execution started
createOrganization testcase execution started
verify testcase execution started
TestCase3 testcase execution started
TestCase4 testcase execution started]]>
  </system-out>
</testsuite> <!-- testPackage.ScenarioTest2 -->
