<?xml version="1.0" encoding="UTF-8"?>
<!-- Generated by org.testng.reporters.JUnitReportReporter -->
<testsuite hostname="ATHULYA-HARIKRISHNAN" failures="0" tests="4" name="testPackage.AttributesTest" time="45.663" errors="0" timestamp="2025-03-15T14:25:40 IST" skipped="0">
  <testcase classname="testPackage.AttributesTest" name="moveToContactsPage" time="10.574">
    <system-out>
      <![CDATA[moveToContactsPage testcase execution started]]>
    </system-out>
  </testcase> <!-- moveToContactsPage -->
  <testcase classname="testPackage.AttributesTest" name="moveToCalendarPage" time="10.776">
    <system-out>
      <![CDATA[moveToCalendarPage testcase execution started]]>
    </system-out>
  </testcase> <!-- moveToCalendarPage -->
  <testcase classname="testPackage.AttributesTest" name="moveToOrganizationsPage" time="10.271">
    <system-out>
      <![CDATA[moveToOrganizationsPage testcase execution started]]>
    </system-out>
  </testcase> <!-- moveToOrganizationsPage -->
  <testcase classname="testPackage.AttributesTest" name="moveToLeadsPage" time="14.042">
    <system-out>
      <![CDATA[moveToLeadsPage testcase execution started]]>
    </system-out>
  </testcase> <!-- moveToLeadsPage -->
  <system-out>
    <![CDATA[Execution Started
printData testcase execution started
printData testcase execution started
printData testcase execution started
printData testcase execution started
printData17 testcase execution started
printData17 testcase execution started
printData17 testcase execution started
printData17 testcase execution started
contactDetails testcase execution started
contactDetails testcase execution started
printData testcase execution started
printData testcase execution started
printData testcase execution started
printData testcase execution started
printData1 testcase execution started
printData1 testcase execution started
printData1 testcase execution started
printData1 testcase execution started
createContact testcase execution started
createContact testcase execution started
moveToCalendarPage testcase execution started
moveToContactsPage testcase execution started
moveToLeadsPage testcase execution started
moveToOrganizationsPage testcase execution started
createOrganization testcase execution started
verify testcase execution started
TestCase3 testcase execution started
TestCase4 testcase execution started]]>
  </system-out>
</testsuite> <!-- testPackage.AttributesTest -->
